# JRE version: OpenJDK Runtime Environment (8.0_152-b02) (build 1.8.0_152-release-1024-b02)
# Java VM: OpenJDK 64-Bit Server VM (25.152-b02 mixed mode windows-amd64 compressed oops)
Heap:
 PSYoungGen      total 140288K, used 83650K [0x00000000e0000000, 0x00000000eb400000, 0x0000000100000000)
  eden space 131072K, 57% used [0x00000000e0000000,0x00000000e4923c08,0x00000000e8000000)
  from space 9216K, 94% used [0x00000000e8300000,0x00000000e8b8cc00,0x00000000e8c00000)
  to   space 26624K, 0% used [0x00000000e9a00000,0x00000000e9a00000,0x00000000eb400000)
 ParOldGen       total 197120K, used 45101K [0x00000000a0000000, 0x00000000ac080000, 0x00000000e0000000)
  object space 197120K, 22% used [0x00000000a0000000,0x00000000a2c0b420,0x00000000ac080000)
 Metaspace       used 64600K, capacity 67180K, committed 67328K, reserved 1107968K
  class space    used 8554K, capacity 9175K, committed 9216K, reserved 1048576K
GC Heap History (10 events):
Event: 23.834 GC heap before
{Heap before GC invocations=14 (full 2):
 PSYoungGen      total 109056K, used 109054K [0x00000000e0000000, 0x00000000e9300000, 0x0000000100000000)
  eden space 94720K, 100% used [0x00000000e0000000,0x00000000e5c80000,0x00000000e5c80000)
  from space 14336K, 99% used [0x00000000e5c80000,0x00000000e6a7fbc8,0x00000000e6a80000)
  to   space 17920K, 0% used [0x00000000e8180000,0x00000000e8180000,0x00000000e9300000)
 ParOldGen       total 128000K, used 23286K [0x00000000a0000000, 0x00000000a7d00000, 0x00000000e0000000)
  object space 128000K, 18% used [0x00000000a0000000,0x00000000a16bd930,0x00000000a7d00000)
 Metaspace       used 54379K, capacity 56120K, committed 56448K, reserved 1097728K
  class space    used 7517K, capacity 7985K, committed 8064K, reserved 1048576K
Event: 23.878 GC heap after
Heap after GC invocations=14 (full 2):
 PSYoungGen      total 127488K, used 17890K [0x00000000e0000000, 0x00000000ea600000, 0x0000000100000000)
  eden space 109568K, 0% used [0x00000000e0000000,0x00000000e0000000,0x00000000e6b00000)
  from space 17920K, 99% used [0x00000000e8180000,0x00000000e92f8928,0x00000000e9300000)
  to   space 23040K, 0% used [0x00000000e6b00000,0x00000000e6b00000,0x00000000e8180000)
 ParOldGen       total 128000K, used 31577K [0x00000000a0000000, 0x00000000a7d00000, 0x00000000e0000000)
  object space 128000K, 24% used [0x00000000a0000000,0x00000000a1ed6690,0x00000000a7d00000)
 Metaspace       used 54379K, capacity 56120K, committed 56448K, reserved 1097728K
  class space    used 7517K, capacity 7985K, committed 8064K, reserved 1048576K
}
Event: 30.650 GC heap before
{Heap before GC invocations=15 (full 2):
 PSYoungGen      total 127488K, used 106991K [0x00000000e0000000, 0x00000000ea600000, 0x0000000100000000)
  eden space 109568K, 81% used [0x00000000e0000000,0x00000000e57036b8,0x00000000e6b00000)
  from space 17920K, 99% used [0x00000000e8180000,0x00000000e92f8928,0x00000000e9300000)
  to   space 23040K, 0% used [0x00000000e6b00000,0x00000000e6b00000,0x00000000e8180000)
 ParOldGen       total 128000K, used 31577K [0x00000000a0000000, 0x00000000a7d00000, 0x00000000e0000000)
  object space 128000K, 24% used [0x00000000a0000000,0x00000000a1ed6690,0x00000000a7d00000)
 Metaspace       used 56826K, capacity 58912K, committed 59028K, reserved 1099776K
  class space    used 7770K, capacity 8341K, committed 8448K, reserved 1048576K
Event: 30.723 GC heap after
Heap after GC invocations=15 (full 2):
 PSYoungGen      total 132608K, used 22504K [0x00000000e0000000, 0x00000000ebd80000, 0x0000000100000000)
  eden space 109568K, 0% used [0x00000000e0000000,0x00000000e0000000,0x00000000e6b00000)
  from space 23040K, 97% used [0x00000000e6b00000,0x00000000e80fa198,0x00000000e8180000)
  to   space 26112K, 0% used [0x00000000ea400000,0x00000000ea400000,0x00000000ebd80000)
 ParOldGen       total 128000K, used 31577K [0x00000000a0000000, 0x00000000a7d00000, 0x00000000e0000000)
  object space 128000K, 24% used [0x00000000a0000000,0x00000000a1ed6690,0x00000000a7d00000)
 Metaspace       used 56826K, capacity 58912K, committed 59028K, reserved 1099776K
  class space    used 7770K, capacity 8341K, committed 8448K, reserved 1048576K
}
Event: 30.723 GC heap before
{Heap before GC invocations=16 (full 3):
 PSYoungGen      total 132608K, used 22504K [0x00000000e0000000, 0x00000000ebd80000, 0x0000000100000000)
  eden space 109568K, 0% used [0x00000000e0000000,0x00000000e0000000,0x00000000e6b00000)
  from space 23040K, 97% used [0x00000000e6b00000,0x00000000e80fa198,0x00000000e8180000)
  to   space 26112K, 0% used [0x00000000ea400000,0x00000000ea400000,0x00000000ebd80000)
 ParOldGen       total 128000K, used 31577K [0x00000000a0000000, 0x00000000a7d00000, 0x00000000e0000000)
  object space 128000K, 24% used [0x00000000a0000000,0x00000000a1ed6690,0x00000000a7d00000)
 Metaspace       used 56826K, capacity 58912K, committed 59028K, reserved 1099776K
  class space    used 7770K, capacity 8341K, committed 8448K, reserved 1048576K
Event: 31.215 GC heap after
Heap after GC invocations=16 (full 3):
 PSYoungGen      total 132608K, used 0K [0x00000000e0000000, 0x00000000ebd80000, 0x0000000100000000)
  eden space 109568K, 0% used [0x00000000e0000000,0x00000000e0000000,0x00000000e6b00000)
  from space 23040K, 0% used [0x00000000e6b00000,0x00000000e6b00000,0x00000000e8180000)
  to   space 26112K, 0% used [0x00000000ea400000,0x00000000ea400000,0x00000000ebd80000)
 ParOldGen       total 197120K, used 45085K [0x00000000a0000000, 0x00000000ac080000, 0x00000000e0000000)
  object space 197120K, 22% used [0x00000000a0000000,0x00000000a2c07420,0x00000000ac080000)
 Metaspace       used 56826K, capacity 58912K, committed 59028K, reserved 1099776K
  class space    used 7770K, capacity 8341K, committed 8448K, reserved 1048576K
}
Event: 48.177 GC heap before
{Heap before GC invocations=17 (full 3):
 PSYoungGen      total 132608K, used 109568K [0x00000000e0000000, 0x00000000ebd80000, 0x0000000100000000)
  eden space 109568K, 100% used [0x00000000e0000000,0x00000000e6b00000,0x00000000e6b00000)
  from space 23040K, 0% used [0x00000000e6b00000,0x00000000e6b00000,0x00000000e8180000)
  to   space 26112K, 0% used [0x00000000ea400000,0x00000000ea400000,0x00000000ebd80000)
 ParOldGen       total 197120K, used 45085K [0x00000000a0000000, 0x00000000ac080000, 0x00000000e0000000)
  object space 197120K, 22% used [0x00000000a0000000,0x00000000a2c07420,0x00000000ac080000)
 Metaspace       used 61499K, capacity 63718K, committed 63872K, reserved 1103872K
  class space    used 8234K, capacity 8780K, committed 8832K, reserved 1048576K
Event: 48.211 GC heap after
Heap after GC invocations=17 (full 3):
 PSYoungGen      total 154624K, used 18362K [0x00000000e0000000, 0x00000000eb800000, 0x0000000100000000)
  eden space 134144K, 0% used [0x00000000e0000000,0x00000000e0000000,0x00000000e8300000)
  from space 20480K, 89% used [0x00000000ea400000,0x00000000eb5eea88,0x00000000eb800000)
  to   space 27136K, 0% used [0x00000000e8300000,0x00000000e8300000,0x00000000e9d80000)
 ParOldGen       total 197120K, used 45093K [0x00000000a0000000, 0x00000000ac080000, 0x00000000e0000000)
  object space 197120K, 22% used [0x00000000a0000000,0x00000000a2c09420,0x00000000ac080000)
 Metaspace       used 61499K, capacity 63718K, committed 63872K, reserved 1103872K
  class space    used 8234K, capacity 8780K, committed 8832K, reserved 1048576K
}
Event: 1793.943 GC heap before
{Heap before GC invocations=18 (full 3):
 PSYoungGen      total 154624K, used 152506K [0x00000000e0000000, 0x00000000eb800000, 0x0000000100000000)
  eden space 134144K, 100% used [0x00000000e0000000,0x00000000e8300000,0x00000000e8300000)
  from space 20480K, 89% used [0x00000000ea400000,0x00000000eb5eea88,0x00000000eb800000)
  to   space 27136K, 0% used [0x00000000e8300000,0x00000000e8300000,0x00000000e9d80000)
 ParOldGen       total 197120K, used 45093K [0x00000000a0000000, 0x00000000ac080000, 0x00000000e0000000)
  object space 197120K, 22% used [0x00000000a0000000,0x00000000a2c09420,0x00000000ac080000)
 Metaspace       used 64375K, capacity 66840K, committed 67072K, reserved 1107968K
  class space    used 8539K, capacity 9151K, committed 9216K, reserved 1048576K
Event: 1793.972 GC heap after
Heap after GC invocations=18 (full 3):
 PSYoungGen      total 140288K, used 8755K [0x00000000e0000000, 0x00000000eb400000, 0x0000000100000000)
  eden space 131072K, 0% used [0x00000000e0000000,0x00000000e0000000,0x00000000e8000000)
  from space 9216K, 94% used [0x00000000e8300000,0x00000000e8b8cc00,0x00000000e8c00000)
  to   space 26624K, 0% used [0x00000000e9a00000,0x00000000e9a00000,0x00000000eb400000)
 ParOldGen       total 197120K, used 45101K [0x00000000a0000000, 0x00000000ac080000, 0x00000000e0000000)
  object space 197120K, 22% used [0x00000000a0000000,0x00000000a2c0b420,0x00000000ac080000)
 Metaspace       used 64375K, capacity 66840K, committed 67072K, reserved 1107968K
  class space    used 8539K, capacity 9151K, committed 9216K, reserved 1048576K
}

