# JRE version: OpenJDK Runtime Environment (8.0_152-b02) (build 1.8.0_152-release-1024-b02)
# Java VM: OpenJDK 64-Bit Server VM (25.152-b02 mixed mode windows-amd64 compressed oops)
Heap:
 PSYoungGen      total 88576K, used 36502K [0x00000000e0000000, 0x00000000ead00000, 0x0000000100000000)
  eden space 81920K, 44% used [0x00000000e0000000,0x00000000e23a58a0,0x00000000e5000000)
  from space 6656K, 0% used [0x00000000e5000000,0x00000000e5000000,0x00000000e5680000)
  to   space 6656K, 0% used [0x00000000ea680000,0x00000000ea680000,0x00000000ead00000)
 ParOldGen       total 79872K, used 12173K [0x00000000a0000000, 0x00000000a4e00000, 0x00000000e0000000)
  object space 79872K, 15% used [0x00000000a0000000,0x00000000a0be3440,0x00000000a4e00000)
 Metaspace       used 24509K, capacity 24928K, committed 25088K, reserved 1071104K
  class space    used 3383K, capacity 3527K, committed 3584K, reserved 1048576K
GC Heap History (8 events):
Event: 1.179 GC heap before
{Heap before GC invocations=1 (full 0):
 PSYoungGen      total 47616K, used 40960K [0x00000000e0000000, 0x00000000e3500000, 0x0000000100000000)
  eden space 40960K, 100% used [0x00000000e0000000,0x00000000e2800000,0x00000000e2800000)
  from space 6656K, 0% used [0x00000000e2e80000,0x00000000e2e80000,0x00000000e3500000)
  to   space 6656K, 0% used [0x00000000e2800000,0x00000000e2800000,0x00000000e2e80000)
 ParOldGen       total 109568K, used 0K [0x00000000a0000000, 0x00000000a6b00000, 0x00000000e0000000)
  object space 109568K, 0% used [0x00000000a0000000,0x00000000a0000000,0x00000000a6b00000)
 Metaspace       used 7004K, capacity 7174K, committed 7424K, reserved 1056768K
  class space    used 853K, capacity 947K, committed 1024K, reserved 1048576K
Event: 1.192 GC heap after
Heap after GC invocations=1 (full 0):
 PSYoungGen      total 47616K, used 4861K [0x00000000e0000000, 0x00000000e5d00000, 0x0000000100000000)
  eden space 40960K, 0% used [0x00000000e0000000,0x00000000e0000000,0x00000000e2800000)
  from space 6656K, 73% used [0x00000000e2800000,0x00000000e2cbf640,0x00000000e2e80000)
  to   space 6656K, 0% used [0x00000000e5680000,0x00000000e5680000,0x00000000e5d00000)
 ParOldGen       total 109568K, used 8K [0x00000000a0000000, 0x00000000a6b00000, 0x00000000e0000000)
  object space 109568K, 0% used [0x00000000a0000000,0x00000000a0002000,0x00000000a6b00000)
 Metaspace       used 7004K, capacity 7174K, committed 7424K, reserved 1056768K
  class space    used 853K, capacity 947K, committed 1024K, reserved 1048576K
}
Event: 2.262 GC heap before
{Heap before GC invocations=2 (full 0):
 PSYoungGen      total 47616K, used 45821K [0x00000000e0000000, 0x00000000e5d00000, 0x0000000100000000)
  eden space 40960K, 100% used [0x00000000e0000000,0x00000000e2800000,0x00000000e2800000)
  from space 6656K, 73% used [0x00000000e2800000,0x00000000e2cbf640,0x00000000e2e80000)
  to   space 6656K, 0% used [0x00000000e5680000,0x00000000e5680000,0x00000000e5d00000)
 ParOldGen       total 109568K, used 8K [0x00000000a0000000, 0x00000000a6b00000, 0x00000000e0000000)
  object space 109568K, 0% used [0x00000000a0000000,0x00000000a0002000,0x00000000a6b00000)
 Metaspace       used 12917K, capacity 13266K, committed 13440K, reserved 1060864K
  class space    used 1749K, capacity 1897K, committed 1920K, reserved 1048576K
Event: 2.292 GC heap after
Heap after GC invocations=2 (full 0):
 PSYoungGen      total 88576K, used 6634K [0x00000000e0000000, 0x00000000e5d00000, 0x0000000100000000)
  eden space 81920K, 0% used [0x00000000e0000000,0x00000000e0000000,0x00000000e5000000)
  from space 6656K, 99% used [0x00000000e5680000,0x00000000e5cfa9f8,0x00000000e5d00000)
  to   space 6656K, 0% used [0x00000000e5000000,0x00000000e5000000,0x00000000e5680000)
 ParOldGen       total 109568K, used 88K [0x00000000a0000000, 0x00000000a6b00000, 0x00000000e0000000)
  object space 109568K, 0% used [0x00000000a0000000,0x00000000a0016000,0x00000000a6b00000)
 Metaspace       used 12917K, capacity 13266K, committed 13440K, reserved 1060864K
  class space    used 1749K, capacity 1897K, committed 1920K, reserved 1048576K
}
Event: 3.497 GC heap before
{Heap before GC invocations=3 (full 0):
 PSYoungGen      total 88576K, used 72031K [0x00000000e0000000, 0x00000000e5d00000, 0x0000000100000000)
  eden space 81920K, 79% used [0x00000000e0000000,0x00000000e3fdd458,0x00000000e5000000)
  from space 6656K, 99% used [0x00000000e5680000,0x00000000e5cfa9f8,0x00000000e5d00000)
  to   space 6656K, 0% used [0x00000000e5000000,0x00000000e5000000,0x00000000e5680000)
 ParOldGen       total 109568K, used 88K [0x00000000a0000000, 0x00000000a6b00000, 0x00000000e0000000)
  object space 109568K, 0% used [0x00000000a0000000,0x00000000a0016000,0x00000000a6b00000)
 Metaspace       used 20843K, capacity 21200K, committed 21248K, reserved 1067008K
  class space    used 2901K, capacity 3038K, committed 3072K, reserved 1048576K
Event: 3.514 GC heap after
Heap after GC invocations=3 (full 0):
 PSYoungGen      total 88576K, used 6640K [0x00000000e0000000, 0x00000000ead00000, 0x0000000100000000)
  eden space 81920K, 0% used [0x00000000e0000000,0x00000000e0000000,0x00000000e5000000)
  from space 6656K, 99% used [0x00000000e5000000,0x00000000e567c040,0x00000000e5680000)
  to   space 6656K, 0% used [0x00000000ea680000,0x00000000ea680000,0x00000000ead00000)
 ParOldGen       total 109568K, used 6021K [0x00000000a0000000, 0x00000000a6b00000, 0x00000000e0000000)
  object space 109568K, 5% used [0x00000000a0000000,0x00000000a05e1660,0x00000000a6b00000)
 Metaspace       used 20843K, capacity 21200K, committed 21248K, reserved 1067008K
  class space    used 2901K, capacity 3038K, committed 3072K, reserved 1048576K
}
Event: 3.514 GC heap before
{Heap before GC invocations=4 (full 1):
 PSYoungGen      total 88576K, used 6640K [0x00000000e0000000, 0x00000000ead00000, 0x0000000100000000)
  eden space 81920K, 0% used [0x00000000e0000000,0x00000000e0000000,0x00000000e5000000)
  from space 6656K, 99% used [0x00000000e5000000,0x00000000e567c040,0x00000000e5680000)
  to   space 6656K, 0% used [0x00000000ea680000,0x00000000ea680000,0x00000000ead00000)
 ParOldGen       total 109568K, used 6021K [0x00000000a0000000, 0x00000000a6b00000, 0x00000000e0000000)
  object space 109568K, 5% used [0x00000000a0000000,0x00000000a05e1660,0x00000000a6b00000)
 Metaspace       used 20843K, capacity 21200K, committed 21248K, reserved 1067008K
  class space    used 2901K, capacity 3038K, committed 3072K, reserved 1048576K
Event: 3.574 GC heap after
Heap after GC invocations=4 (full 1):
 PSYoungGen      total 88576K, used 0K [0x00000000e0000000, 0x00000000ead00000, 0x0000000100000000)
  eden space 81920K, 0% used [0x00000000e0000000,0x00000000e0000000,0x00000000e5000000)
  from space 6656K, 0% used [0x00000000e5000000,0x00000000e5000000,0x00000000e5680000)
  to   space 6656K, 0% used [0x00000000ea680000,0x00000000ea680000,0x00000000ead00000)
 ParOldGen       total 79872K, used 12173K [0x00000000a0000000, 0x00000000a4e00000, 0x00000000e0000000)
  object space 79872K, 15% used [0x00000000a0000000,0x00000000a0be3440,0x00000000a4e00000)
 Metaspace       used 20843K, capacity 21200K, committed 21248K, reserved 1067008K
  class space    used 2901K, capacity 3038K, committed 3072K, reserved 1048576K
}

